<?xml version="1.0" encoding="UTF-8"?>
<!-- Generated by org.testng.reporters.JUnitXMLReporter -->
<testsuite hostname="zhangjh" ignored="0" name="User test" tests="3" failures="0" timestamp="17 五月 2018 06:57:33 GMT" time="11.397" errors="0">
  <testcase name="testDemo1" time="0.403" classname="com.stt.pomp.testng.PompLogin"/>
  <testcase name="testDemo2" time="0.196" classname="com.stt.pomp.testng.PompLogin"/>
  <testcase name="testDemo3" time="0.111" classname="com.stt.pomp.testng.PompLogin"/>
</testsuite> <!-- User test -->
