<?xml version="1.0" encoding="UTF-8"?>
<testng-results skipped="0" failed="0" ignored="0" total="6" passed="6">
  <reporter-output>
  </reporter-output>
  <suite name="POMP test Suite" duration-ms="23376" started-at="2018-05-17T05:35:33Z" finished-at="2018-05-17T05:35:57Z">
    <groups>
    </groups>
    <test name="User test" duration-ms="16300" started-at="2018-05-17T05:35:33Z" finished-at="2018-05-17T05:35:50Z">
      <class name="com.stt.pomp.testng.PompLogin">
        <test-method status="PASS" signature="setUp()[pri:0, instance:com.stt.pomp.testng.PompLogin@4ec22031]" name="setUp" is-config="true" duration-ms="12985" started-at="2018-05-17T05:35:33Z" finished-at="2018-05-17T05:35:46Z">
          <reporter-output>
          </reporter-output>
        </test-method> <!-- setUp -->
        <test-method status="PASS" signature="testDemo1()[pri:0, instance:com.stt.pomp.testng.PompLogin@4ec22031]" name="testDemo1" duration-ms="1018" started-at="2018-05-17T05:35:47Z" finished-at="2018-05-17T05:35:48Z">
          <reporter-output>
          </reporter-output>
        </test-method> <!-- testDemo1 -->
        <test-method status="PASS" signature="testDemo2()[pri:0, instance:com.stt.pomp.testng.PompLogin@4ec22031]" name="testDemo2" duration-ms="191" started-at="2018-05-17T05:35:48Z" finished-at="2018-05-17T05:35:48Z">
          <reporter-output>
          </reporter-output>
        </test-method> <!-- testDemo2 -->
        <test-method status="PASS" signature="testDemo3()[pri:0, instance:com.stt.pomp.testng.PompLogin@4ec22031]" name="testDemo3" duration-ms="143" started-at="2018-05-17T05:35:48Z" finished-at="2018-05-17T05:35:48Z">
          <reporter-output>
          </reporter-output>
        </test-method> <!-- testDemo3 -->
        <test-method status="PASS" signature="tearDown()[pri:0, instance:com.stt.pomp.testng.PompLogin@4ec22031]" name="tearDown" is-config="true" duration-ms="1846" started-at="2018-05-17T05:35:48Z" finished-at="2018-05-17T05:35:50Z">
          <reporter-output>
          </reporter-output>
        </test-method> <!-- tearDown -->
      </class> <!-- com.stt.pomp.testng.PompLogin -->
    </test> <!-- User test -->
    <test name="Component test" duration-ms="7003" started-at="2018-05-17T05:35:50Z" finished-at="2018-05-17T05:35:57Z">
      <class name="com.stt.pomp.testng.PompComponent">
        <test-method status="PASS" signature="setUp()[pri:0, instance:com.stt.pomp.testng.PompComponent@40f69f75]" name="setUp" is-config="true" duration-ms="4248" started-at="2018-05-17T05:35:50Z" finished-at="2018-05-17T05:35:54Z">
          <reporter-output>
          </reporter-output>
        </test-method> <!-- setUp -->
        <test-method status="PASS" signature="testDemo1()[pri:0, instance:com.stt.pomp.testng.PompComponent@40f69f75]" name="testDemo1" duration-ms="220" started-at="2018-05-17T05:35:54Z" finished-at="2018-05-17T05:35:54Z">
          <reporter-output>
          </reporter-output>
        </test-method> <!-- testDemo1 -->
        <test-method status="PASS" signature="testDemo2()[pri:0, instance:com.stt.pomp.testng.PompComponent@40f69f75]" name="testDemo2" duration-ms="777" started-at="2018-05-17T05:35:54Z" finished-at="2018-05-17T05:35:55Z">
          <reporter-output>
          </reporter-output>
        </test-method> <!-- testDemo2 -->
        <test-method status="PASS" signature="testDemo3()[pri:0, instance:com.stt.pomp.testng.PompComponent@40f69f75]" name="testDemo3" duration-ms="132" started-at="2018-05-17T05:35:55Z" finished-at="2018-05-17T05:35:55Z">
          <reporter-output>
          </reporter-output>
        </test-method> <!-- testDemo3 -->
        <test-method status="PASS" signature="tearDown()[pri:0, instance:com.stt.pomp.testng.PompComponent@40f69f75]" name="tearDown" is-config="true" duration-ms="1625" started-at="2018-05-17T05:35:55Z" finished-at="2018-05-17T05:35:57Z">
          <reporter-output>
          </reporter-output>
        </test-method> <!-- tearDown -->
      </class> <!-- com.stt.pomp.testng.PompComponent -->
    </test> <!-- Component test -->
  </suite> <!-- POMP test Suite -->
</testng-results>
